[2023-05-06 22:57:34] local.INFO: Auth user is:{"id":9,"name":"\u5c71\u53e3 \u660e\u7f8e","email":"sasaki.kaori@example.net","email_verified_at":"2023-05-06T13:30:57.000000Z","created_at":"2023-05-06T13:30:57.000000Z","updated_at":"2023-05-06T13:30:57.000000Z"}  
[2023-05-06 22:57:34] local.INFO: Deleting Like regarding id:71 user_id:9 prefecture_id:48  
[2023-05-06 22:57:34] local.INFO: Deleted Like regarding id:71  
[2023-05-06 22:57:34] local.INFO: Counted Likes regarding id:71 user_id:9 prefecture_id:48  
[2023-05-06 22:57:35] local.INFO: Auth user is:{"id":9,"name":"\u5c71\u53e3 \u660e\u7f8e","email":"sasaki.kaori@example.net","email_verified_at":"2023-05-06T13:30:57.000000Z","created_at":"2023-05-06T13:30:57.000000Z","updated_at":"2023-05-06T13:30:57.000000Z"}  
[2023-05-06 22:57:35] local.INFO: Created Like regarding id:72 user_id:9 prefecture_id:48  
[2023-05-06 22:57:35] local.INFO: Counted Likes regarding id:72 user_id:9 prefecture_id:48  
[2023-05-06 22:57:55] local.INFO: Auth user is:{"id":9,"name":"\u5c71\u53e3 \u660e\u7f8e","email":"sasaki.kaori@example.net","email_verified_at":"2023-05-06T13:30:57.000000Z","created_at":"2023-05-06T13:30:57.000000Z","updated_at":"2023-05-06T13:30:57.000000Z"}  
[2023-05-06 22:57:55] local.INFO: Deleting Like regarding id:72 user_id:9 prefecture_id:48  
[2023-05-06 22:57:55] local.INFO: Deleted Like regarding id:72  
[2023-05-06 22:57:55] local.INFO: Counted Likes regarding id:72 user_id:9 prefecture_id:48  
[2023-05-06 22:57:56] local.INFO: Auth user is:{"id":9,"name":"\u5c71\u53e3 \u660e\u7f8e","email":"sasaki.kaori@example.net","email_verified_at":"2023-05-06T13:30:57.000000Z","created_at":"2023-05-06T13:30:57.000000Z","updated_at":"2023-05-06T13:30:57.000000Z"}  
[2023-05-06 22:57:56] local.INFO: Created Like regarding id:73 user_id:9 prefecture_id:48  
[2023-05-06 22:57:56] local.INFO: Counted Likes regarding id:73 user_id:9 prefecture_id:48  
[2023-05-06 22:59:47] local.INFO: Auth user is:{"id":9,"name":"\u5c71\u53e3 \u660e\u7f8e","email":"sasaki.kaori@example.net","email_verified_at":"2023-05-06T13:30:57.000000Z","created_at":"2023-05-06T13:30:57.000000Z","updated_at":"2023-05-06T13:30:57.000000Z"}  
[2023-05-06 22:59:47] local.INFO: Deleting Like regarding id:73 user_id:9 prefecture_id:48  
[2023-05-06 22:59:47] local.INFO: Deleted Like regarding id:73  
[2023-05-06 22:59:47] local.INFO: Counted Likes regarding id:73 user_id:9 prefecture_id:48  
[2023-05-06 22:59:48] local.INFO: Auth user is:{"id":9,"name":"\u5c71\u53e3 \u660e\u7f8e","email":"sasaki.kaori@example.net","email_verified_at":"2023-05-06T13:30:57.000000Z","created_at":"2023-05-06T13:30:57.000000Z","updated_at":"2023-05-06T13:30:57.000000Z"}  
[2023-05-06 22:59:48] local.INFO: Created Like regarding id:74 user_id:9 prefecture_id:48  
[2023-05-06 22:59:48] local.INFO: Counted Likes regarding id:74 user_id:9 prefecture_id:48  
[2023-05-06 22:59:56] local.INFO: Auth user is:{"id":9,"name":"\u5c71\u53e3 \u660e\u7f8e","email":"sasaki.kaori@example.net","email_verified_at":"2023-05-06T13:30:57.000000Z","created_at":"2023-05-06T13:30:57.000000Z","updated_at":"2023-05-06T13:30:57.000000Z"}  
[2023-05-06 22:59:56] local.INFO: Deleting Like regarding id:74 user_id:9 prefecture_id:48  
[2023-05-06 22:59:56] local.INFO: Deleted Like regarding id:74  
[2023-05-06 22:59:56] local.INFO: Counted Likes regarding id:74 user_id:9 prefecture_id:48  
[2023-05-06 22:59:58] local.INFO: Auth user is:{"id":9,"name":"\u5c71\u53e3 \u660e\u7f8e","email":"sasaki.kaori@example.net","email_verified_at":"2023-05-06T13:30:57.000000Z","created_at":"2023-05-06T13:30:57.000000Z","updated_at":"2023-05-06T13:30:57.000000Z"}  
[2023-05-06 22:59:58] local.INFO: Created Like regarding id:75 user_id:9 prefecture_id:48  
[2023-05-06 22:59:58] local.INFO: Counted Likes regarding id:75 user_id:9 prefecture_id:48  
[2023-05-06 23:00:16] local.INFO: Auth user is:{"id":9,"name":"\u5c71\u53e3 \u660e\u7f8e","email":"sasaki.kaori@example.net","email_verified_at":"2023-05-06T13:30:57.000000Z","created_at":"2023-05-06T13:30:57.000000Z","updated_at":"2023-05-06T13:30:57.000000Z"}  
[2023-05-06 23:00:16] local.INFO: Deleting Like regarding id:75 user_id:9 prefecture_id:48  
[2023-05-06 23:00:16] local.INFO: Deleted Like regarding id:75  
[2023-05-06 23:00:16] local.INFO: Counted Likes regarding id:75 user_id:9 prefecture_id:48  
[2023-05-06 23:00:23] local.INFO: Auth user is:{"id":9,"name":"\u5c71\u53e3 \u660e\u7f8e","email":"sasaki.kaori@example.net","email_verified_at":"2023-05-06T13:30:57.000000Z","created_at":"2023-05-06T13:30:57.000000Z","updated_at":"2023-05-06T13:30:57.000000Z"}  
[2023-05-06 23:00:23] local.INFO: Created Like regarding id:76 user_id:9 prefecture_id:48  
[2023-05-06 23:00:23] local.INFO: Counted Likes regarding id:76 user_id:9 prefecture_id:48  
[2023-05-06 23:00:25] local.INFO: Auth user is:{"id":9,"name":"\u5c71\u53e3 \u660e\u7f8e","email":"sasaki.kaori@example.net","email_verified_at":"2023-05-06T13:30:57.000000Z","created_at":"2023-05-06T13:30:57.000000Z","updated_at":"2023-05-06T13:30:57.000000Z"}  
[2023-05-06 23:00:25] local.INFO: Deleting Like regarding id:76 user_id:9 prefecture_id:48  
[2023-05-06 23:00:25] local.INFO: Deleted Like regarding id:76  
[2023-05-06 23:00:25] local.INFO: Counted Likes regarding id:76 user_id:9 prefecture_id:48  
[2023-05-06 23:00:26] local.INFO: Auth user is:{"id":9,"name":"\u5c71\u53e3 \u660e\u7f8e","email":"sasaki.kaori@example.net","email_verified_at":"2023-05-06T13:30:57.000000Z","created_at":"2023-05-06T13:30:57.000000Z","updated_at":"2023-05-06T13:30:57.000000Z"}  
[2023-05-06 23:00:26] local.INFO: Created Like regarding id:77 user_id:9 prefecture_id:48  
[2023-05-06 23:00:26] local.INFO: Counted Likes regarding id:77 user_id:9 prefecture_id:48  
[2023-05-06 23:01:18] local.INFO: Auth user is:{"id":9,"name":"\u5c71\u53e3 \u660e\u7f8e","email":"sasaki.kaori@example.net","email_verified_at":"2023-05-06T13:30:57.000000Z","created_at":"2023-05-06T13:30:57.000000Z","updated_at":"2023-05-06T13:30:57.000000Z"}  
[2023-05-06 23:01:18] local.INFO: Created Like regarding id:78 user_id:9 prefecture_id:56  
[2023-05-06 23:01:18] local.INFO: Counted Likes regarding id:78 user_id:9 prefecture_id:56  
[2023-05-06 23:01:23] local.INFO: Auth user is:{"id":9,"name":"\u5c71\u53e3 \u660e\u7f8e","email":"sasaki.kaori@example.net","email_verified_at":"2023-05-06T13:30:57.000000Z","created_at":"2023-05-06T13:30:57.000000Z","updated_at":"2023-05-06T13:30:57.000000Z"}  
[2023-05-06 23:01:23] local.INFO: Deleting Like regarding id:78 user_id:9 prefecture_id:56  
[2023-05-06 23:01:23] local.INFO: Deleted Like regarding id:78  
[2023-05-06 23:01:23] local.INFO: Counted Likes regarding id:78 user_id:9 prefecture_id:56  
[2023-05-06 23:01:24] local.INFO: Auth user is:{"id":9,"name":"\u5c71\u53e3 \u660e\u7f8e","email":"sasaki.kaori@example.net","email_verified_at":"2023-05-06T13:30:57.000000Z","created_at":"2023-05-06T13:30:57.000000Z","updated_at":"2023-05-06T13:30:57.000000Z"}  
[2023-05-06 23:01:24] local.INFO: Created Like regarding id:79 user_id:9 prefecture_id:56  
[2023-05-06 23:01:24] local.INFO: Counted Likes regarding id:79 user_id:9 prefecture_id:56  
